This is pdfTeXk, Version 3.141592-1.40.3 (Web2C 7.5.6) (format=pdflatex 2009.2.16)  22 APR 2009 12:53
entering extended mode
 %&-line parsing enabled.
**ProjectReport.tex
(./ProjectReport.tex
LaTeX2e <2005/12/01>
Babel <v3.8h> and hyphenation patterns for english, usenglishmax, dumylang, noh
yphenation, ukrainian, russian, bulgarian, loaded.
(/usr/share/texmf-texlive/tex/latex/base/article.cls
Document Class: article 2005/09/16 v1.4f Standard LaTeX document class
(/usr/share/texmf-texlive/tex/latex/base/size10.clo
File: size10.clo 2005/09/16 v1.4f Standard LaTeX file (size option)
)
\c@part=\count79
\c@section=\count80
\c@subsection=\count81
\c@subsubsection=\count82
\c@paragraph=\count83
\c@subparagraph=\count84
\c@figure=\count85
\c@table=\count86
\abovecaptionskip=\skip41
\belowcaptionskip=\skip42
\bibindent=\dimen102
)
(/usr/share/texmf-texlive/tex/latex/base/inputenc.sty
Package: inputenc 2006/05/05 v1.1b Input encoding file
\inpenc@prehook=\toks14
\inpenc@posthook=\toks15

(/usr/share/texmf-texlive/tex/latex/ucs/utf8x.def
File: utf8x.def 2004/10/17 UCS: Input encoding UTF-8
))
(/usr/share/texmf-texlive/tex/latex/ucs/ucs.sty
Package: ucs 2004/10/17 UCS: Unicode input support

(/usr/share/texmf-texlive/tex/latex/ucs/data/uni-global.def
File: uni-global.def 2004/10/17 UCS: Unicode global data
)
\uc@secondtry=\count87
\uc@combtoks=\toks16
\uc@combtoksb=\toks17
\uc@temptokena=\toks18
)
(/usr/share/texmf-texlive/tex/latex/preprint/fullpage.sty
Package: fullpage 1999/02/23 1.1 (PWD)
\FP@margin=\skip43
)
(/usr/share/texmf-texlive/tex/latex/graphics/color.sty
Package: color 2005/11/14 v1.0j Standard LaTeX Color (DPC)

(/etc/texmf/tex/latex/config/color.cfg
File: color.cfg 2007/01/18 v1.5 color configuration of teTeX/TeXLive
)
Package color Info: Driver file: pdftex.def on input line 130.

(/usr/share/texmf-texlive/tex/latex/pdftex-def/pdftex.def
File: pdftex.def 2007/01/08 v0.04d Graphics/color for pdfTeX
\Gread@gobject=\count88
))
(/usr/share/texmf-texlive/tex/latex/index/index.sty
Package: index 2004/01/20 v4.2beta Improved index support (dmj)
\@indexbox=\insert233
\indexproofstyle=\toks19
)
\idxtitle@todo=\toks20
\tf@todo=\write3
\openout3 = `ProjectReport.tod'.

Package index Info: Writing index file ProjectReport.tod on input line 7.
\idxtitle@fixme=\toks21
\tf@fixme=\write4
\openout4 = `ProjectReport.fix'.

Package index Info: Writing index file ProjectReport.fix on input line 8.

(/usr/share/texmf-texlive/tex/latex/amsfonts/amsfonts.sty
Package: amsfonts 2001/10/25 v2.2f
\@emptytoks=\toks22
\symAMSa=\mathgroup4
\symAMSb=\mathgroup5
LaTeX Font Info:    Overwriting math alphabet `\mathfrak' in version `bold'
(Font)                  U/euf/m/n --> U/euf/b/n on input line 132.
)
(/usr/share/texmf-texlive/tex/latex/psnfss/pifont.sty
Package: pifont 2005/04/12 PSNFSS-v9.2a Pi font support (SPQR) 
LaTeX Font Info:    Try loading font information for U+pzd on input line 63.

(/usr/share/texmf-texlive/tex/latex/psnfss/upzd.fd
File: upzd.fd 2001/06/04 font definitions for U/pzd.
)
LaTeX Font Info:    Try loading font information for U+psy on input line 64.

(/usr/share/texmf-texlive/tex/latex/psnfss/upsy.fd
File: upsy.fd 2001/06/04 font definitions for U/psy.
))
(/usr/share/texmf-texlive/tex/latex/ltxmisc/boxedminipage.sty)
(/usr/share/texmf-texlive/tex/latex/minitoc/minitoc.sty
Package: minitoc 2007/01/09 v51 Package minitoc (JPFD)

(/usr/share/texmf-texlive/tex/latex/minitoc/mtcmess.sty
Package: mtcmess 2006/03/14
)
Package minitoc Info: <I0001>
(minitoc)             *** minitoc package, version 51 ***.
\tf@mtc=\write5
\mtcindent=\skip44
\mtcskipamount=\skip45
Package minitoc Info: <I0005>
(minitoc)             compatible with hyperref.
Package minitoc Info: <I0023>
(minitoc)             part level macros available.
Package minitoc Info: <I0004>
(minitoc)             chapter level macros NOT available.
Package minitoc Info: <I0028>
(minitoc)             section level macros available.
\mtc@toks=\toks23
\mtc@strutbox=\box26
\mtc@hstrutbox=\box27
Package minitoc Info: <I0002>
(minitoc)             Autoconfiguration of extensions.
\openout5 = `ProjectReport.mtc1'.

\openout5 = `ProjectReport.mtc'.

 (./ProjectReport.mtc1)
Package minitoc Info: <I0012>
(minitoc)             Long extensions (Unix-like) will be used.
Package minitoc Info: <I0031>
(minitoc)             ==> this version is configured for UNIX-like 
(minitoc)                 (long extensions) file names.
\openout5 = `ProjectReport.mtc'.

\openout5 = `ProjectReport.mtc1'.

\c@ptc=\count89
\c@parttocdepth=\count90
\ptcindent=\skip46
\c@stc=\count91
\c@secttocdepth=\count92
\stcindent=\skip47
Package minitoc Info: <I0010>
(minitoc)             The english language is selected.
(minitoc)              on input line 4684.
(/usr/share/texmf-texlive/tex/latex/minitoc/english.mld
File: english.mld 2006/01/13
)
(/usr/share/texmf-texlive/tex/latex/minitoc/english.mld
File: english.mld 2006/01/13
))
(/usr/share/texmf-texlive/tex/latex/listings/listings.sty
(/usr/share/texmf-texlive/tex/latex/graphics/keyval.sty
Package: keyval 1999/03/16 v1.13 key=value parser (DPC)
\KV@toks@=\toks24
)
\lst@mode=\count93
\lst@gtempboxa=\box28
\lst@token=\toks25
\lst@length=\count94
\lst@currlwidth=\dimen103
\lst@column=\count95
\lst@pos=\count96
\lst@lostspace=\dimen104
\lst@width=\dimen105
\lst@newlines=\count97
\lst@lineno=\count98
\c@lstlisting=\count99
\lst@maxwidth=\dimen106

(/usr/share/texmf-texlive/tex/latex/listings/lstpatch.sty
File: lstpatch.sty 2004/10/17 1.3b (Carsten Heinz)
)
(/usr/share/texmf-texlive/tex/latex/listings/lstmisc.sty
File: lstmisc.sty 2004/09/07 1.3 (Carsten Heinz)
\c@lstnumber=\count100
\lst@skipnumbers=\count101
\lst@framebox=\box29
)
(/usr/share/texmf-texlive/tex/latex/listings/listings.cfg
File: listings.cfg 2004/09/05 1.3 listings configuration
))
Package: listings 2004/10/17 1.3b (Carsten Heinz)

(/usr/share/texmf-texlive/tex/latex/amsmath/amsmath.sty
Package: amsmath 2000/07/18 v2.13 AMS math features
\@mathmargin=\skip48

For additional information on amsmath, use the `?' option.
(/usr/share/texmf-texlive/tex/latex/amsmath/amstext.sty
Package: amstext 2000/06/29 v2.01

(/usr/share/texmf-texlive/tex/latex/amsmath/amsgen.sty
File: amsgen.sty 1999/11/30 v2.0
\@emptytoks=\toks26
\ex@=\dimen107
))
(/usr/share/texmf-texlive/tex/latex/amsmath/amsbsy.sty
Package: amsbsy 1999/11/29 v1.2d
\pmbraise@=\dimen108
)
(/usr/share/texmf-texlive/tex/latex/amsmath/amsopn.sty
Package: amsopn 1999/12/14 v2.01 operator names
)
\inf@bad=\count102
LaTeX Info: Redefining \frac on input line 211.
\uproot@=\count103
\leftroot@=\count104
LaTeX Info: Redefining \overline on input line 307.
\classnum@=\count105
\DOTSCASE@=\count106
LaTeX Info: Redefining \ldots on input line 379.
LaTeX Info: Redefining \dots on input line 382.
LaTeX Info: Redefining \cdots on input line 467.
\Mathstrutbox@=\box30
\strutbox@=\box31
\big@size=\dimen109
LaTeX Font Info:    Redeclaring font encoding OML on input line 567.
LaTeX Font Info:    Redeclaring font encoding OMS on input line 568.
\macc@depth=\count107
\c@MaxMatrixCols=\count108
\dotsspace@=\muskip10
\c@parentequation=\count109
\dspbrk@lvl=\count110
\tag@help=\toks27
\row@=\count111
\column@=\count112
\maxfields@=\count113
\andhelp@=\toks28
\eqnshift@=\dimen110
\alignsep@=\dimen111
\tagshift@=\dimen112
\tagwidth@=\dimen113
\totwidth@=\dimen114
\lineht@=\dimen115
\@envbody=\toks29
\multlinegap=\skip49
\multlinetaggap=\skip50
\mathdisplay@stack=\toks30
LaTeX Info: Redefining \[ on input line 2666.
LaTeX Info: Redefining \] on input line 2667.
)
(/usr/share/texmf-texlive/tex/latex/base/latexsym.sty
Package: latexsym 1998/08/17 v2.2e Standard LaTeX package (lasy symbols)
\symlasy=\mathgroup6
LaTeX Font Info:    Overwriting symbol font `lasy' in version `bold'
(Font)                  U/lasy/m/n --> U/lasy/b/n on input line 47.
)
(/usr/share/texmf-texlive/tex/latex/amsfonts/amssymb.sty
Package: amssymb 2002/01/22 v2.2d
)
(/usr/share/texmf-texlive/tex/latex/wasysym/wasysym.sty
Package: wasysym 2003/10/30 v2.0 Wasy-2 symbol support package
\symwasy=\mathgroup7
LaTeX Font Info:    Overwriting symbol font `wasy' in version `bold'
(Font)                  U/wasy/m/n --> U/wasy/b/n on input line 90.
)
(/usr/share/texmf-texlive/tex/latex/graphics/graphicx.sty
Package: graphicx 1999/02/16 v1.0f Enhanced LaTeX Graphics (DPC,SPQR)

(/usr/share/texmf-texlive/tex/latex/graphics/graphics.sty
Package: graphics 2006/02/20 v1.0o Standard LaTeX Graphics (DPC,SPQR)

(/usr/share/texmf-texlive/tex/latex/graphics/trig.sty
Package: trig 1999/03/16 v1.09 sin cos tan (DPC)
)
(/etc/texmf/tex/latex/config/graphics.cfg
File: graphics.cfg 2007/01/18 v1.5 graphics configuration of teTeX/TeXLive
)
Package graphics Info: Driver file: pdftex.def on input line 90.
)
\Gin@req@height=\dimen116
\Gin@req@width=\dimen117
)
(/usr/share/texmf-texlive/tex/latex/base/fontenc.sty
Package: fontenc 2005/09/27 v1.99g Standard LaTeX package

(/usr/share/texmf-texlive/tex/latex/base/t1enc.def
File: t1enc.def 2005/09/27 v1.99g Standard LaTeX file
LaTeX Font Info:    Redeclaring font encoding T1 on input line 43.
)) (./ProjectReport.aux)
\openout1 = `ProjectReport.aux'.

LaTeX Font Info:    Checking defaults for OML/cmm/m/it on input line 26.
LaTeX Font Info:    ... okay on input line 26.
LaTeX Font Info:    Checking defaults for T1/cmr/m/n on input line 26.
LaTeX Font Info:    ... okay on input line 26.
LaTeX Font Info:    Checking defaults for OT1/cmr/m/n on input line 26.
LaTeX Font Info:    ... okay on input line 26.
LaTeX Font Info:    Checking defaults for OMS/cmsy/m/n on input line 26.
LaTeX Font Info:    ... okay on input line 26.
LaTeX Font Info:    Checking defaults for OMX/cmex/m/n on input line 26.
LaTeX Font Info:    ... okay on input line 26.
LaTeX Font Info:    Checking defaults for U/cmr/m/n on input line 26.
LaTeX Font Info:    ... okay on input line 26.

(/usr/share/texmf-texlive/tex/latex/ucs/ucsencs.def
File: ucsencs.def 2003/11/29 Fixes to fontencodings LGR, T3
)
Package minitoc(hints) Info: <I0049>
(minitoc(hints))             ==> You requested the hints option 
(minitoc(hints))             Some hints are eventually given below.

(/usr/share/texmf-texlive/tex/latex/listings/lstlang1.sty
File: lstlang1.sty 2004/09/05 1.3 listings language file
)
(/usr/share/texmf-texlive/tex/latex/listings/lstlang1.sty
File: lstlang1.sty 2004/09/05 1.3 listings language file
)
(/usr/share/texmf-texlive/tex/latex/listings/lstmisc.sty
File: lstmisc.sty 2004/09/07 1.3 (Carsten Heinz)
)
LaTeX Font Info:    Try loading font information for U+msa on input line 48.

(/usr/share/texmf-texlive/tex/latex/amsfonts/umsa.fd
File: umsa.fd 2002/01/19 v2.2g AMS font definitions
)
LaTeX Font Info:    Try loading font information for U+msb on input line 48.

(/usr/share/texmf-texlive/tex/latex/amsfonts/umsb.fd
File: umsb.fd 2002/01/19 v2.2g AMS font definitions
)
LaTeX Font Info:    Try loading font information for U+lasy on input line 48.

(/usr/share/texmf-texlive/tex/latex/base/ulasy.fd
File: ulasy.fd 1998/08/17 v2.2e LaTeX symbol font definitions
)
LaTeX Font Info:    Try loading font information for U+wasy on input line 48.

(/usr/share/texmf-texlive/tex/latex/wasysym/uwasy.fd
File: uwasy.fd 2003/10/30 v2.0 Wasy-2 symbol font definitions
) [1

{/var/lib/texmf/fonts/map/pdftex/updmap/pdftex.map}] [1]
Underfull \hbox (badness 10000) in paragraph at lines 56--57

 []


Underfull \hbox (badness 10000) in paragraph at lines 56--57

 []

LaTeX Font Info:    Try loading font information for OMS+cmr on input line 62.
(/usr/share/texmf-texlive/tex/latex/base/omscmr.fd
File: omscmr.fd 1999/05/25 v2.5h Standard LaTeX font definitions
)
LaTeX Font Info:    Font shape `OMS/cmr/m/n' in size <10> not available
(Font)              Font shape `OMS/cmsy/m/n' tried instead on input line 62.

Underfull \hbox (badness 10000) in paragraph at lines 68--69

 []


Overfull \hbox (15.0pt too wide) in paragraph at lines 55--73
[]$[]$ 
 []

[1] (./ProjectReport.toc [2] [3])
\tf@toc=\write6
\openout6 = `ProjectReport.toc'.

 [4]
<images/d1.png, id=30, 258.80473pt x 171.8854pt>
File: images/d1.png Graphic file (type png)
 <use images/d1.png>
<images/d2.png, id=31, 258.80473pt x 171.8854pt>
File: images/d2.png Graphic file (type png)
 <use images/d2.png>
Overfull \hbox (18.66972pt too wide) in paragraph at lines 90--103
[]$[]$   $[]$ 
 []


Underfull \hbox (badness 10000) in paragraph at lines 105--106

 []

[5 <./images/d1.png> <./images/d2.png>]
(/usr/share/texmf-texlive/tex/latex/ucs/data/uni-32.def
File: uni-32.def 2004/10/17 UCS: Unicode data U+2000..U+20FF
)
Underfull \hbox (badness 10000) in paragraph at lines 111--112

 []


Underfull \hbox (badness 10000) in paragraph at lines 113--114

 []

[6] [7]
LaTeX Font Info:    Font shape `OMS/cmr/m/n' in size <12> not available
(Font)              Font shape `OMS/cmsy/m/n' tried instead on input line 141.
 [8]
Underfull \hbox (badness 10000) in paragraph at lines 168--169

 []


LaTeX Warning: No positions in optional float specifier.
               Default added (so using `tbp') on input line 185.

<images/plan.png, id=52, 1245.65375pt x 563.10374pt>
File: images/plan.png Graphic file (type png)
 <use images/plan.png>

LaTeX Warning: Float too large for page by 42.14882pt on input line 190.

[9] [10 <./images/plan.png>]
Underfull \hbox (badness 10000) in paragraph at lines 202--203

 []


Underfull \hbox (badness 10000) in paragraph at lines 213--214

 []

[11]
Underfull \hbox (badness 10000) in paragraph at lines 239--240

 []

[12] <images/library1.png, id=67, 258.80473pt x 171.8854pt>
File: images/library1.png Graphic file (type png)

<use images/library1.png>
<images/library2.png, id=68, 258.80473pt x 171.8854pt>
File: images/library2.png Graphic file (type png)

<use images/library2.png>
Overfull \hbox (18.66972pt too wide) in paragraph at lines 248--261
[]$[]$   $[]$ 
 []

[13 <./images/library1.png> <./images/library2.png>]
Underfull \hbox (badness 10000) in paragraph at lines 271--272

 []


Underfull \hbox (badness 10000) in paragraph at lines 273--274

 []

[14] [15] <images/diag2_21.png, id=81, 219.219pt x 141.328pt>
File: images/diag2_21.png Graphic file (type png)

<use images/diag2_21.png>

LaTeX Warning: `h' float specifier changed to `ht'.

<images/diag2_22.png, id=82, 219.219pt x 141.328pt>
File: images/diag2_22.png Graphic file (type png)
 <use images/diag2_22.png>

LaTeX Warning: `h' float specifier changed to `ht'.

[16] <images/dia2.png, id=86, 219.219pt x 141.328pt>
File: images/dia2.png Graphic file (type png)
 <use images/dia2.png>

LaTeX Warning: `h' float specifier changed to `ht'.

[17 <./images/diag2_21.png> <./images/diag2_22.png>]
Underfull \hbox (badness 10000) in paragraph at lines 323--328

 []


Underfull \hbox (badness 10000) in paragraph at lines 323--328

 []

[18 <./images/dia2.png>]
Underfull \hbox (badness 10000) in paragraph at lines 343--344

 []


Underfull \hbox (badness 10000) in paragraph at lines 344--345

 []


Underfull \hbox (badness 10000) in paragraph at lines 345--346

 []


Underfull \hbox (badness 10000) in paragraph at lines 346--347

 []

[19]
Underfull \hbox (badness 10000) in paragraph at lines 376--382

 []

[20] <images/diag3add1.png, id=103, 258.80473pt x 171.8854pt>
File: images/diag3add1.png Graphic file (type png)

<use images/diag3add1.png>
<images/diag3add2.png, id=104, 258.80473pt x 171.8854pt>
File: images/diag3add2.png Graphic file (type png)

<use images/diag3add2.png>
Overfull \hbox (18.66972pt too wide) in paragraph at lines 384--397
[]$[]$   $[]$ 
 []


Underfull \hbox (badness 10000) in paragraph at lines 399--403

 []


Underfull \hbox (badness 10000) in paragraph at lines 407--411

 []

File: images/diag3add2.png Graphic file (type png)
<use images/diag3add2.png>
File: images/diag3add1.png Graphic file (type png)
 <use images/diag3add1.png>
Overfull \hbox (18.66972pt too wide) in paragraph at lines 413--426
[]$[]$   $[]$ 
 []


LaTeX Warning: `h' float specifier changed to `ht'.


Underfull \hbox (badness 10000) in paragraph at lines 428--432

 []

[21 <./images/diag3add1.png> <./images/diag3add2.png>]
Underfull \hbox (badness 10000) in paragraph at lines 435--436

 []


Underfull \hbox (badness 10000) in paragraph at lines 437--441

 []

<images/d4sh1.png, id=110, 258.80473pt x 171.8854pt>
File: images/d4sh1.png Graphic file (type png)
 <use images/d4sh1.png>
<images/d4sh2.png, id=111, 258.80473pt x 171.8854pt>
File: images/d4sh2.png Graphic file (type png)
 <use images/d4sh2.png>
Overfull \hbox (18.66972pt too wide) in paragraph at lines 443--456
[]$[]$   $[]$ 
 []


LaTeX Warning: `h' float specifier changed to `ht'.


Underfull \hbox (badness 10000) in paragraph at lines 458--462

 []

[22]
Underfull \hbox (badness 10000) in paragraph at lines 467--469

 []


Underfull \hbox (badness 10000) in paragraph at lines 470--474

 []

File: images/diag3add1.png Graphic file (type png)
<use images/diag3add1.png> <images/d5.png, id=115, 258.80473pt x 171.8854pt>
File: images/d5.png Graphic file (type png)

<use images/d5.png>
Overfull \hbox (18.66972pt too wide) in paragraph at lines 476--489
[]$[]$   $[]$ 
 []


Underfull \hbox (badness 10000) in paragraph at lines 492--496

 []

[23 <./images/d4sh1.png> <./images/d4sh2.png> <./images/d5.png>]
<images/d7-1.png, id=123, 258.80473pt x 171.8854pt>
File: images/d7-1.png Graphic file (type png)
 <use images/d7-1.png>
<images/d7-2.png, id=124, 258.80473pt x 171.8854pt>
File: images/d7-2.png Graphic file (type png)
 <use images/d7-2.png>
Overfull \hbox (18.66972pt too wide) in paragraph at lines 510--523
[]$[]$   $[]$ 
 []


Underfull \hbox (badness 10000) in paragraph at lines 525--526

 []

[24 <./images/d7-1.png> <./images/d7-2.png>]
<images/d8.png, id=131, 626.01447pt x 228.52946pt>
File: images/d8.png Graphic file (type png)
 <use images/d8.png>
<images/d9.png, id=132, 558.62756pt x 170.90878pt>
File: images/d9.png Graphic file (type png)
 <use images/d9.png>

LaTeX Warning: `h' float specifier changed to `ht'.

[25 <./images/d8.png>] [26 <./images/d9.png>]
<images/unitary.png, id=141, 522.49257pt x 190.44122pt>
File: images/unitary.png Graphic file (type png)

<use images/unitary.png>

LaTeX Warning: `h' float specifier changed to `ht'.

[27] <images/d11.png, id=147, 258.80473pt x 171.8854pt>
File: images/d11.png Graphic file (type png)
 <use images/d11.png>
<images/d12.png, id=148, 258.80473pt x 171.8854pt>
File: images/d12.png Graphic file (type png)
 <use images/d12.png>
Overfull \hbox (18.66972pt too wide) in paragraph at lines 630--643
[]$[]$   $[]$ 
 []


Underfull \hbox (badness 10000) in paragraph at lines 645--646

 []


Underfull \hbox (badness 10000) in paragraph at lines 647--648

 []


Underfull \hbox (badness 10000) in paragraph at lines 647--648

 []

[28 <./images/unitary.png> <./images/d11.png> <./images/d12.png>]
<images/d11-1.png, id=155, 258.80473pt x 171.8854pt>
File: images/d11-1.png Graphic file (type png)
 <use images/d11-1.png>
<images/d11-2.png, id=156, 258.80473pt x 171.8854pt>
File: images/d11-2.png Graphic file (type png)
 <use images/d11-2.png>
<images/d12-1.png, id=157, 258.80473pt x 171.8854pt>
File: images/d12-1.png Graphic file (type png)
 <use images/d12-1.png>
[29 <./images/d11-1.png> <./images/d11-2.png> <./images/d12-1.png>] [30]
[31]
Underfull \hbox (badness 10000) in paragraph at lines 712--713

 []

[32]
Overfull \hbox (9.6128pt too wide) in paragraph at lines 725--726
[]\T1/cmr/m/n/12 "The best ar-chi-tec-tures, re-quire-ments, and de-signs emerg
e from self-organizing teams". 
 []


Underfull \hbox (badness 10000) in paragraph at lines 728--729

 []


Underfull \hbox (badness 10000) in paragraph at lines 728--729

 []

[33] [34]
Underfull \hbox (badness 10000) in paragraph at lines 773--774

 []

[35] [36] (/usr/share/texmf-texlive/tex/latex/ucs/data/uni-0.def
File: uni-0.def 2004/10/17 UCS: Unicode data U+0000..U+00FF
)
Overfull \hbox (1.81448pt too wide) in paragraph at lines 807--808
\T1/cmr/m/n/12 is cre-ated (thus "Ob-jectCre-ator" is an Ex-pert with re-spect 
to cre-at-ing "ClassA"). 
 []

[37] [38] <images/domainModel.jpeg, id=194, 627.34375pt x 366.36874pt>
File: images/domainModel.jpeg Graphic file (type jpg)

<use images/domainModel.jpeg>

LaTeX Warning: `h' float specifier changed to `ht'.

[39] <images/2nd.jpeg, id=198, 300.12125pt x 155.58125pt>
File: images/2nd.jpeg Graphic file (type jpg)

<use images/2nd.jpeg>

LaTeX Warning: `h' float specifier changed to `ht'.

<images/3rd.jpeg, id=199, 376.40625pt x 51.19125pt>
File: images/3rd.jpeg Graphic file (type jpg)
 <use images/3rd.jpeg>

LaTeX Warning: `h' float specifier changed to `ht'.

<images/4th.jpeg, id=200, 919.435pt x 365.365pt>
File: images/4th.jpeg Graphic file (type jpg)
 <use images/4th.jpeg>
Overfull \hbox (6.74847pt too wide) in paragraph at lines 865--866
 [][] 
 []


LaTeX Warning: `h' float specifier changed to `ht'.

[40 <./images/domainModel.jpeg>]
<images/5th.jpeg, id=204, 887.315pt x 491.8375pt>
File: images/5th.jpeg Graphic file (type jpg)
 <use images/5th.jpeg>

LaTeX Warning: `h' float specifier changed to `ht'.


Underfull \hbox (badness 10000) in paragraph at lines 885--886

 []

[41 <./images/2nd.jpeg> <./images/3rd.jpeg>] [42 <./images/4th.jpeg>] [43 <./im
ages/5th.jpeg>]

LaTeX Warning: No positions in optional float specifier.
               Default added (so using `tbp') on input line 906.

<images/des10.jpeg, id=215, 1796.7125pt x 968.61874pt>
File: images/des10.jpeg Graphic file (type jpg)
 <use images/des10.jpeg>

LaTeX Warning: Float too large for page by 75.70941pt on input line 911.

[44] [45 <./images/des10.jpeg>] [46] [47] [48]
Underfull \hbox (badness 10000) in paragraph at lines 993--994

 []

[49] [50] [51] [52] [53]
Underfull \hbox (badness 10000) in paragraph at lines 1077--1078

 []

[54] [55]
Underfull \hbox (badness 10000) in paragraph at lines 1118--1120

 []

<images/combination.png, id=254, 478.5446pt x 461.94203pt>
File: images/combination.png Graphic file (type png)

<use images/combination.png>

LaTeX Warning: `h' float specifier changed to `ht'.

[56] [57 <./images/combination.png>]
Underfull \hbox (badness 10000) in paragraph at lines 1161--1162

 []


Underfull \hbox (badness 10000) in paragraph at lines 1163--1164

 []

[58] [59] <images/shunting.png, id=270, 433.62pt x 456.08229pt>
File: images/shunting.png Graphic file (type png)

<use images/shunting.png>

LaTeX Warning: `h' float specifier changed to `ht'.

[60] [61 <./images/shunting.png>] [62]
<images/tree.png, id=281, 449.24594pt x 760.78824pt>
File: images/tree.png Graphic file (type png)
 <use images/tree.png>
<images/tree2.png, id=282, 344.74744pt x 352.56041pt>
File: images/tree2.png Graphic file (type png)
 <use images/tree2.png>

LaTeX Warning: `h' float specifier changed to `ht'.

[63 <./images/tree.png>]
Underfull \hbox (badness 10000) in paragraph at lines 1322--1323

 []

[64 <./images/tree2.png>]
<images/inorder.png, id=291, 404.32135pt x 423.85379pt>
File: images/inorder.png Graphic file (type png)

<use images/inorder.png>
Underfull \hbox (badness 10000) in paragraph at lines 1354--1355

 []


Underfull \hbox (badness 10000) in paragraph at lines 1356--1358

 []


Underfull \hbox (badness 10000) in paragraph at lines 1356--1358

 []

LaTeX Font Info:    Font shape `OMS/cmr/m/n' in size <8> not available
(Font)              Font shape `OMS/cmsy/m/n' tried instead on input line 1360.


Underfull \hbox (badness 10000) in paragraph at lines 1370--1371

 []


Underfull \hbox (badness 10000) in paragraph at lines 1370--1371

 []

[65 <./images/inorder.png>]
<images/dem.png, id=298, 133.79716pt x 277.36053pt>
File: images/dem.png Graphic file (type png)
 <use images/dem.png>
[66] [67 <./images/dem.png>]
Underfull \hbox (badness 10000) in paragraph at lines 1438--1439

 []

[68] [69]
Underfull \hbox (badness 10000) in paragraph at lines 1482--1483

 []


Underfull \hbox (badness 10000) in paragraph at lines 1484--1485

 []

<images/blackbox.png, id=312, 228.52946pt x 99.6154pt>
File: images/blackbox.png Graphic file (type png)

<use images/blackbox.png>

LaTeX Warning: `h' float specifier changed to `ht'.


Underfull \hbox (badness 10000) in paragraph at lines 1507--1508

 []

[70]

LaTeX Warning: No positions in optional float specifier.
               Default added (so using `tbp') on input line 1512.

<images/allDiagrams.png, id=316, 990.099pt x 1096.095pt>
File: images/allDiagrams.png Graphic file (type png)

<use images/allDiagrams.png>
Overfull \hbox (42.0804pt too wide) in paragraph at lines 1514--1515
 [][] 
 []

[71 <./images/blackbox.png>] [72 <./images/allDiagrams.png>]
<images/ss1.png, id=326, 488.82625pt x 232.87pt>
File: images/ss1.png Graphic file (type png)
 <use images/ss1.png>
<images/ss2.png, id=327, 568.1225pt x 324.21124pt>
File: images/ss2.png Graphic file (type png)
 <use images/ss2.png>
Underfull \hbox (badness 10000) in paragraph at lines 1568--1569

 []

<images/ss3.png, id=328, 956.57375pt x 845.1575pt>
File: images/ss3.png Graphic file (type png)
 <use images/ss3.png>
Overfull \hbox (25.31781pt too wide) in paragraph at lines 1573--1574
 [][] 
 []


LaTeX Warning: `h' float specifier changed to `ht'.

[73 <./images/ss1.png> <./images/ss2.png>] [74 <./images/ss3.png>] [75]
<images/ss4.png, id=341, 954.56625pt x 690.58pt>
File: images/ss4.png Graphic file (type png)
 <use images/ss4.png>
Overfull \hbox (24.31407pt too wide) in paragraph at lines 1676--1677
 [][] 
 []


Underfull \hbox (badness 10000) in paragraph at lines 1682--1683

 []

[76 <./images/ss4.png>] <images/ss5.png, id=346, 965.6075pt x 860.21375pt>
File: images/ss5.png Graphic file (type png)

<use images/ss5.png>

LaTeX Warning: `h' float specifier changed to `ht'.

<images/ss6.png, id=347, 958.58125pt x 849.1725pt>
File: images/ss6.png Graphic file (type png)
 <use images/ss6.png>

LaTeX Warning: `h' float specifier changed to `ht'.

[77] [78 <./images/ss5.png>] [79 <./images/ss6.png>]
<images/ss7.png, id=360, 963.6pt x 843.15pt>
File: images/ss7.png Graphic file (type png)
 <use images/ss7.png>

LaTeX Warning: `h' float specifier changed to `ht'.

[80] [81 <./images/ss7.png>] [82]
<images/ss8.png, id=371, 972.63374pt x 852.18375pt>
File: images/ss8.png Graphic file (type png)
 <use images/ss8.png>

LaTeX Warning: `h' float specifier changed to `ht'.

[83] [84 <./images/ss8.png>] [85] [86] [87] [88]
<images/demorganTest.png, id=393, 523.9575pt x 427.5975pt>
File: images/demorganTest.png Graphic file (type png)

<use images/demorganTest.png>

LaTeX Warning: `h' float specifier changed to `ht'.

<images/cpp.png, id=394, 541.02126pt x 856.19875pt>
File: images/cpp.png Graphic file (type png)
 <use images/cpp.png>

LaTeX Warning: `h' float specifier changed to `ht'.


LaTeX Warning: No positions in optional float specifier.
               Default added (so using `tbp') on input line 2241.

<images/ted.png, id=395, 523.9575pt x 456.70625pt>
File: images/ted.png Graphic file (type png)
 <use images/ted.png>

LaTeX Warning: No positions in optional float specifier.
               Default added (so using `tbp') on input line 2249.

<images/dor.png, id=396, 763.85374pt x 594.22pt>
File: images/dor.png Graphic file (type png)
 <use images/dor.png>

LaTeX Warning: No positions in optional float specifier.
               Default added (so using `tbp') on input line 2257.

<images/dand.png, id=397, 689.57625pt x 745.78625pt>
File: images/dand.png Graphic file (type png)
 <use images/dand.png>
[89]
Underfull \hbox (badness 10000) in paragraph at lines 2268--2269

 []

[90 <./images/demorganTest.png>] [91 <./images/cpp.png>] [92 <./images/ted.png>
 <./images/dor.png>] [93 <./images/dand.png>] [94] (./ProjectReport.bbl
LaTeX Font Info:    Try loading font information for T1+cmtt on input line 7.

(/usr/share/texmf-texlive/tex/latex/base/t1cmtt.fd
File: t1cmtt.fd 1999/05/25 v2.5h Standard LaTeX font definitions
)
Underfull \hbox (badness 10000) in paragraph at lines 4--8
[]\T1/cmr/m/n/12 Anon.  Eu-ler di-a-grams.  De-cem-ber 2008, avail-able at
 []


Underfull \hbox (badness 10000) in paragraph at lines 10--14
[]\T1/cmr/m/n/12 Anon.  In-fix to rpn.  Febu-rary 2009, avail-able at
 []


Underfull \hbox (badness 10000) in paragraph at lines 16--19
[]\T1/cmr/m/n/12 Anon.  Soft-ware test-ing.  Jan-uary 2009, avail-able at
 []


Underfull \hbox (badness 10000) in paragraph at lines 83--87
[]\T1/cmr/m/n/12 Thomas Raishe.  Black box test-ing.  Febu-rary 2009, avail-abl
e at
 []

[95])
Package minitoc Info: <I0009>
(minitoc)             Listing minitoc auxiliary files. 
(minitoc)             Creating the ProjectReport.maf file.
\openout5 = `ProjectReport.maf'.

Package minitoc(hints) Info: <I0019>
(minitoc(hints))             No hints have been written 
(minitoc(hints))             in the ProjectReport.log file..
 [96] (./ProjectReport.aux) ) 
Here is how much of TeX's memory you used:
 7020 strings out of 94834
 89456 string characters out of 1179181
 385831 words of memory out of 1500000
 9813 multiletter control sequences out of 10000+50000
 23522 words of font info for 69 fonts, out of 1200000 for 2000
 212 hyphenation exceptions out of 8191
 33i,9n,58p,2025b,1631s stack positions out of 5000i,500n,6000p,200000b,5000s
 </home/sasan/.texmf-var/fonts/pk/ljfour/jknappen/
ec/ectt1200.600pk> </home/sasan/.texmf-var/fonts/pk/ljfour/jknappen/ec/ecti0800
.600pk> </home/sasan/.texmf-var/fonts/pk/ljfour/jknappen/ec/ecbx0800.600pk> </h
ome/sasan/.texmf-var/fonts/pk/ljfour/jknappen/ec/ecti1200.600pk> </home/sasan/.
texmf-var/fonts/pk/ljfour/jknappen/ec/ecrm0600.600pk> </home/sasan/.texmf-var/f
onts/pk/ljfour/jknappen/ec/ecrm0800.600pk> </home/sasan/.texmf-var/fonts/pk/ljf
our/jknappen/ec/ecbx1200.600pk> </home/sasan/.texmf-var/fonts/pk/ljfour/jknappe
n/ec/ecbx1440.600pk> </home/sasan/.texmf-var/fonts/pk/ljfour/jknappen/ec/ecbx17
28.600pk> </home/sasan/.texmf-var/fonts/pk/ljfour/jknappen/ec/ecrm1000.600pk> <
/home/sasan/.texmf-var/fonts/pk/ljfour/jknappen/ec/ecbx1000.600pk> </home/sasan
/.texmf-var/fonts/pk/ljfour/jknappen/ec/ecrm1200.600pk> </home/sasan/.texmf-var
/fonts/pk/ljfour/jknappen/ec/ecrm1728.600pk></usr/share/texmf-texlive/fonts/typ
e1/bluesky/cm/cmmi10.pfb></usr/share/texmf-texlive/fonts/type1/bluesky/cm/cmmi1
2.pfb></usr/share/texmf-texlive/fonts/type1/bluesky/cm/cmmi7.pfb></usr/share/te
xmf-texlive/fonts/type1/bluesky/cm/cmmi8.pfb></usr/share/texmf-texlive/fonts/ty
pe1/bluesky/cm/cmr12.pfb></usr/share/texmf-texlive/fonts/type1/bluesky/cm/cmr7.
pfb></usr/share/texmf-texlive/fonts/type1/bluesky/cm/cmr8.pfb></usr/share/texmf
-texlive/fonts/type1/bluesky/cm/cmsy10.pfb></usr/share/texmf-texlive/fonts/type
1/bluesky/cm/cmsy8.pfb></usr/share/texmf-texlive/fonts/type1/bluesky/ams/msam10
.pfb></usr/share/texmf-texlive/fonts/type1/bluesky/ams/msbm10.pfb>
Output written on ProjectReport.pdf (98 pages, 4175779 bytes).
PDF statistics:
 1072 PDF objects out of 1200 (max. 8388607)
 0 named destinations out of 1000 (max. 131072)
 251 words of extra memory for PDF output out of 10000 (max. 10000000)

